Pertemuan 14/9.2 DroidSetting_Chellenge/app/build/intermediates/manifest_merge_blame_file/debug/manifest-merger-blame-debug-report.txt
1<?xml version="1.0" encoding="utf-8"?>
2<manifest xmlns:android="http://schemas.android.com/apk/res/android"
3    package="com.example.android.DroidCafeWithSetting"
4    android:versionCode="1"
5    android:versionName="1.0" >
6
7    <uses-sdk
8        android:minSdkVersion="16"
8-->src\main\AndroidManifest.xml
9        android:targetSdkVersion="33" />
9-->src\main\AndroidManifest.xml
10
11    <application
11-->src\main\AndroidManifest.xml:5:5-39:19
12        android:allowBackup="true"
12-->src\main\AndroidManifest.xml:6:9-35
13        android:appComponentFactory="androidx.core.app.CoreComponentFactory"
13-->[androidx.core:core:1.1.0] AndroidManifest.xml:24:18-86
14        android:debuggable="true"
15        android:icon="@mipmap/ic_launcher"
15-->src\main\AndroidManifest.xml:7:9-43
16        android:label="@string/app_name"
16-->src\main\AndroidManifest.xml:8:9-41
17        android:roundIcon="@mipmap/ic_launcher_round"
17-->src\main\AndroidManifest.xml:9:9-54
18        android:supportsRtl="true"
18-->src\main\AndroidManifest.xml:10:9-35
19        android:testOnly="true"
20        android:theme="@style/AppTheme" >
20-->src\main\AndroidManifest.xml:11:9-40
21        <activity
21-->src\main\AndroidManifest.xml:12:9-19:20
22            android:name="com.example.android.DroidCafeWithSetting.SettingsActivity"
22-->src\main\AndroidManifest.xml:13:13-45
23            android:exported="false"
23-->src\main\AndroidManifest.xml:14:13-37
24            android:label="@string/title_activity_settings" >
24-->src\main\AndroidManifest.xml:15:13-60
25            <meta-data
25-->src\main\AndroidManifest.xml:16:13-18:36
26                android:name="android.app.lib_name"
26-->src\main\AndroidManifest.xml:17:17-52
27                android:value="" />
27-->src\main\AndroidManifest.xml:18:17-33
28        </activity>
29        <activity
29-->src\main\AndroidManifest.xml:20:9-30:20
30            android:name="com.example.android.DroidCafeWithSetting.MainActivity"
30-->src\main\AndroidManifest.xml:21:13-41
31            android:exported="true"
31-->src\main\AndroidManifest.xml:22:13-36
32            android:label="@string/app_name"
32-->src\main\AndroidManifest.xml:23:13-45
33            android:theme="@style/AppTheme.NoActionBar" >
33-->src\main\AndroidManifest.xml:24:13-56
34            <intent-filter>
34-->src\main\AndroidManifest.xml:25:13-29:29
35                <action android:name="android.intent.action.MAIN" />
35-->src\main\AndroidManifest.xml:26:17-69
35-->src\main\AndroidManifest.xml:26:25-66
36
37                <category android:name="android.intent.category.LAUNCHER" />
37-->src\main\AndroidManifest.xml:28:17-77
37-->src\main\AndroidManifest.xml:28:27-74
38            </intent-filter>
39        </activity>
40        <activity
40-->src\main\AndroidManifest.xml:31:9-38:20
41            android:name="com.example.android.DroidCafeWithSetting.OrderActivity"
41-->src\main\AndroidManifest.xml:32:13-42
42            android:label="@string/title_activity_order"
42-->src\main\AndroidManifest.xml:33:13-57
43            android:parentActivityName="com.example.android.DroidCafeWithSetting.MainActivity" >
43-->src\main\AndroidManifest.xml:34:13-55
44            <meta-data
44-->src\main\AndroidManifest.xml:35:13-37:89
45                android:name="android.support.PARENT_ACTIVITY"
45-->src\main\AndroidManifest.xml:36:17-63
46                android:value="com.example.android.DroidCafeWithSetting.MainActivity" />
46-->src\main\AndroidManifest.xml:37:17-86
47        </activity>
48    </application>
49
50</manifest>